<?xml version="1.0" encoding="UTF-8"?>
<testsuite xmlns:xsi="http://www.w3.org/2001/XMLSchema-instance" xsi:noNamespaceSchemaLocation="https://maven.apache.org/surefire/maven-surefire-plugin/xsd/surefire-test-report.xsd" version="3.0.2" name="com.example.User.Management.App.Mini_project_1.Repository.EmployeeRepositoryTests" time="0.503" tests="5" errors="0" skipped="0" failures="0">
  <properties>
[...]
</properties>
  <testcase name="givenEmployee_whenSave_thenReturnSavedEmployee" classname="com.example.User.Management.App.Mini_project_1.Repository.EmployeeRepositoryTests" time="0.137">
    <system-out><![CDATA[2025-05-24T18:52:20.275+05:30  INFO 8256 --- [User-Management-App-Mini_project_1] [           main] t.c.s.AnnotationConfigContextLoaderUtils : Could not detect default configuration classes for test class [com.example.User.Management.App.Mini_project_1.Repository.EmployeeRepositoryTests]: EmployeeRepositoryTests does not declare any static, non-private, non-final, nested classes annotated with @Configuration.
2025-05-24T18:52:20.291+05:30  INFO 8256 --- [User-Management-App-Mini_project_1] [           main] .b.t.c.SpringBootTestContextBootstrapper : Found @SpringBootConfiguration com.example.User.Management.App.Mini_project_1.UserManagementAppMiniProject1Application for test class com.example.User.Management.App.Mini_project_1.Repository.EmployeeRepositoryTests

  .   ____          _            __ _ _
 /\\ / ___'_ __ _ _(_)_ __  __ _ \ \ \ \
( ( )\___ | '_ | '_| | '_ \/ _` | \ \ \ \
 \\/  ___)| |_)| | | | | || (_| |  ) ) ) )
  '  |____| .__|_| |_|_| |_\__, | / / / /
 =========|_|==============|___/=/_/_/_/

 :: Spring Boot ::                (v3.4.5)

2025-05-24T18:52:20.317+05:30  INFO 8256 --- [User-Management-App-Mini_project_1] [           main] c.e.U.M.A.M.R.EmployeeRepositoryTests    : Starting EmployeeRepositoryTests using Java 24 with PID 8256 (started by DELL in E:\Guvi_projects\Mini_project 1\User Management App Mini_project_1\User-Management-App-Mini_project_1)
2025-05-24T18:52:20.317+05:30  INFO 8256 --- [User-Management-App-Mini_project_1] [           main] c.e.U.M.A.M.R.EmployeeRepositoryTests    : No active profile set, falling back to 1 default profile: "default"
2025-05-24T18:52:20.391+05:30  INFO 8256 --- [User-Management-App-Mini_project_1] [           main] .s.d.r.c.RepositoryConfigurationDelegate : Bootstrapping Spring Data JPA repositories in DEFAULT mode.
2025-05-24T18:52:20.399+05:30  INFO 8256 --- [User-Management-App-Mini_project_1] [           main] .s.d.r.c.RepositoryConfigurationDelegate : Finished Spring Data repository scanning in 7 ms. Found 1 JPA repository interface.
2025-05-24T18:52:20.409+05:30  INFO 8256 --- [User-Management-App-Mini_project_1] [           main] beddedDataSourceBeanFactoryPostProcessor : Replacing 'dataSource' DataSource bean with embedded version
2025-05-24T18:52:20.422+05:30  INFO 8256 --- [User-Management-App-Mini_project_1] [           main] o.s.j.d.e.EmbeddedDatabaseFactory        : Starting embedded database: url='jdbc:h2:mem:24f52705-5c51-4258-b515-ed270fc55bc3;DB_CLOSE_DELAY=-1;DB_CLOSE_ON_EXIT=false', username='sa'
2025-05-24T18:52:20.440+05:30  INFO 8256 --- [User-Management-App-Mini_project_1] [           main] o.hibernate.jpa.internal.util.LogHelper  : HHH000204: Processing PersistenceUnitInfo [name: default]
2025-05-24T18:52:20.442+05:30  INFO 8256 --- [User-Management-App-Mini_project_1] [           main] o.h.c.internal.RegionFactoryInitiator    : HHH000026: Second-level cache disabled
2025-05-24T18:52:20.449+05:30  INFO 8256 --- [User-Management-App-Mini_project_1] [           main] o.s.o.j.p.SpringPersistenceUnitInfo      : No LoadTimeWeaver setup: ignoring JPA class transformer
2025-05-24T18:52:20.452+05:30  INFO 8256 --- [User-Management-App-Mini_project_1] [           main] org.hibernate.orm.connections.pooling    : HHH10001005: Database info:
	Database JDBC URL [Connecting through datasource 'org.springframework.jdbc.datasource.embedded.EmbeddedDatabaseFactory$EmbeddedDataSourceProxy@29794ef5']
	Database driver: undefined/unknown
	Database version: 2.3.232
	Autocommit mode: undefined/unknown
	Isolation level: undefined/unknown
	Minimum pool size: undefined/unknown
	Maximum pool size: undefined/unknown
2025-05-24T18:52:20.475+05:30  INFO 8256 --- [User-Management-App-Mini_project_1] [           main] o.h.e.t.j.p.i.JtaPlatformInitiator       : HHH000489: No JTA platform available (set 'hibernate.transaction.jta.platform' to enable JTA platform integration)
Hibernate: drop table if exists user_details cascade 
Hibernate: create table user_details (id bigint generated by default as identity, phone_number bigint not null, email_id varchar(255) not null unique, first_name varchar(255) not null, last_name varchar(255) not null, primary key (id))
2025-05-24T18:52:20.478+05:30  INFO 8256 --- [User-Management-App-Mini_project_1] [           main] j.LocalContainerEntityManagerFactoryBean : Initialized JPA EntityManagerFactory for persistence unit 'default'
2025-05-24T18:52:20.507+05:30  INFO 8256 --- [User-Management-App-Mini_project_1] [           main] c.e.U.M.A.M.R.EmployeeRepositoryTests    : Started EmployeeRepositoryTests in 0.214 seconds (process running for 7.039)
Hibernate: insert into user_details (email_id,first_name,last_name,phone_number,id) values (?,?,?,?,default)
]]></system-out>
  </testcase>
  <testcase name="givenEmployeList_WhenFindALl_thenReturnEmployeesList" classname="com.example.User.Management.App.Mini_project_1.Repository.EmployeeRepositoryTests" time="0.085">
    <system-out><![CDATA[Hibernate: insert into user_details (email_id,first_name,last_name,phone_number,id) values (?,?,?,?,default)
Hibernate: insert into user_details (email_id,first_name,last_name,phone_number,id) values (?,?,?,?,default)
Hibernate: select e1_0.id,e1_0.email_id,e1_0.first_name,e1_0.last_name,e1_0.phone_number from user_details e1_0
]]></system-out>
  </testcase>
  <testcase name="givenEmployee_whenFindById_thenNoReturn" classname="com.example.User.Management.App.Mini_project_1.Repository.EmployeeRepositoryTests" time="0.011">
    <system-out><![CDATA[Hibernate: insert into user_details (email_id,first_name,last_name,phone_number,id) values (?,?,?,?,default)
]]></system-out>
  </testcase>
  <testcase name="givenEmployee_whenfindByemailId_thenReturnEMployee" classname="com.example.User.Management.App.Mini_project_1.Repository.EmployeeRepositoryTests" time="0.022">
    <system-out><![CDATA[Hibernate: insert into user_details (email_id,first_name,last_name,phone_number,id) values (?,?,?,?,default)
Hibernate: select e1_0.id,e1_0.email_id,e1_0.first_name,e1_0.last_name,e1_0.phone_number from user_details e1_0 where e1_0.email_id=?
]]></system-out>
  </testcase>
  <testcase name="givenEmployee_whenDeltedById_thenNoReturn" classname="com.example.User.Management.App.Mini_project_1.Repository.EmployeeRepositoryTests" time="0.009">
    <system-out><![CDATA[Hibernate: insert into user_details (email_id,first_name,last_name,phone_number,id) values (?,?,?,?,default)
]]></system-out>
  </testcase>
</testsuite>