<?xml version="1.0" encoding="UTF-8"?>
<testsuite xmlns:xsi="http://www.w3.org/2001/XMLSchema-instance" xsi:noNamespaceSchemaLocation="https://maven.apache.org/surefire/maven-surefire-plugin/xsd/surefire-test-report.xsd" version="3.0.2" name="com.example.User.Management.App.Mini_project_1.Service.EmployeeSeriveTests" time="0.214" tests="1" errors="0" skipped="0" failures="0">
  <properties>
[...]
</properties>
  <testcase name="givenemployee_whenfindbyemailid_thereturnemployee" classname="com.example.User.Management.App.Mini_project_1.Service.EmployeeSeriveTests" time="0.213"/>
</testsuite>